<?xml version="1.0" encoding="utf-8" standalone="no"?>
<test-results xmlns:xsi="http://www.w3.org/2001/XMLSchema-instance" xsi:noNamespaceSchemaLocation="nunit_schema_2.5.xsd" name="Pester" total="9" errors="0" failures="0" not-run="0" inconclusive="0" ignored="0" skipped="0" invalid="0" date="2018-01-14" time="22:01:36">
  <environment user="paul" machine-name="PCASSIDYLT" cwd="C:\work\github\powershell\ReleaserCI\PSReleaser" user-domain="PCASSIDYLT" platform="Microsoft Windows 10 Home Insider Preview|C:\WINDOWS|\Device\Harddisk0\Partition4" nunit-version="2.5.8.0" os-version="10.0.17025" clr-version="4.0.30319.42000" />
  <culture-info current-culture="en-US" current-uiculture="en-US" />
  <test-suite type="Powershell" name="Pester" executed="True" result="Success" success="True" time="1.2672" asserts="0">
    <results>
      <test-suite type="TestFixture" name="Get-RlsrConfig" executed="True" result="Success" success="True" time="0.5348" asserts="0" description="Get-RlsrConfig">
        <results>
          <test-case description="Cmd runs w\o error" name="Get-RlsrConfig.Cmd runs w\o error" time="0.2376" asserts="0" success="True" result="Success" executed="True" />
          <test-case description="Hashtable is returned" name="Get-RlsrConfig.Hashtable is returned" time="0.0754" asserts="0" success="True" result="Success" executed="True" />
          <test-case description="ModuleName is a string" name="Get-RlsrConfig.ModuleName is a string" time="0.0725" asserts="0" success="True" result="Success" executed="True" />
          <test-case description="FullPath is a string" name="Get-RlsrConfig.FullPath is a string" time="0.0766" asserts="0" success="True" result="Success" executed="True" />
          <test-case description="TaskSequence is an object array" name="Get-RlsrConfig.TaskSequence is an object array" time="0.0727" asserts="0" success="True" result="Success" executed="True" />
        </results>
      </test-suite>
      <test-suite type="TestFixture" name="Get-RlsrLockInfo" executed="True" result="Success" success="True" time="0.3432" asserts="0" description="Get-RlsrLockInfo">
        <results>
          <test-case description="Cmd runs w\o error" name="Get-RlsrLockInfo.Cmd runs w\o error" time="0.2804" asserts="0" success="True" result="Success" executed="True" />
          <test-case description="PSCustomObject is returned" name="Get-RlsrLockInfo.PSCustomObject is returned" time="0.0628" asserts="0" success="True" result="Success" executed="True" />
        </results>
      </test-suite>
      <test-suite type="TestFixture" name="Get-RlsrProject" executed="True" result="Success" success="True" time="0.3892" asserts="0" description="Get-RlsrProject">
        <results>
          <test-case description="Cmd runs w\o error" name="Get-RlsrProject.Cmd runs w\o error" time="0.2961" asserts="0" success="True" result="Success" executed="True" />
          <test-case description="PSCustomObject is returned" name="Get-RlsrProject.PSCustomObject is returned" time="0.093" asserts="0" success="True" result="Success" executed="True" />
        </results>
      </test-suite>
    </results>
  </test-suite>
</test-results>